[21:23:32] [Render thread/INFO]: Environment: authHost='https://authserver.mojang.com', accountsHost='https://api.mojang.com', sessionHost='https://sessionserver.mojang.com', servicesHost='https://api.minecraftservices.com', name='PROD'
[21:23:33] [Render thread/ERROR]: Failed to verify authentication
com.mojang.authlib.exceptions.AuthenticationUnavailableException: null
	at com.mojang.authlib.yggdrasil.YggdrasilSocialInteractionsService.checkPrivileges(YggdrasilSocialInteractionsService.java:97) ~[authlib-2.1.28.jar:?]
	at com.mojang.authlib.yggdrasil.YggdrasilSocialInteractionsService.<init>(YggdrasilSocialInteractionsService.java:40) ~[authlib-2.1.28.jar:?]
	at com.mojang.authlib.yggdrasil.YggdrasilAuthenticationService.createSocialInteractionsService(YggdrasilAuthenticationService.java:152) ~[authlib-2.1.28.jar:?]
	at djz.a(SourceFile:625) [1.16.5.jar:?]
	at djz.<init>(SourceFile:409) [1.16.5.jar:?]
	at net.minecraft.client.main.Main.main(SourceFile:177) [1.16.5.jar:?]
[21:23:33] [Render thread/INFO]: Setting user: 12345
[21:23:34] [Render thread/INFO]: Backend library: LWJGL version 3.2.2 build 10
[21:23:37] [Render thread/INFO]: Narrator library for x64 successfully loaded
[21:23:37] [Render thread/INFO]: Reloading ResourceManager: Default
[21:23:38] [Realms Notification Availability checker #1/INFO]: Could not authorize you against Realms server: Invalid session id
[21:23:47] [Render thread/INFO]: OpenAL initialized.
[21:23:47] [Render thread/INFO]: Sound engine started
[21:23:48] [Render thread/INFO]: Created: 1024x1024x4 minecraft:textures/atlas/blocks.png-atlas
[21:23:48] [Render thread/INFO]: Created: 256x128x4 minecraft:textures/atlas/signs.png-atlas
[21:23:48] [Render thread/INFO]: Created: 1024x512x4 minecraft:textures/atlas/banner_patterns.png-atlas
[21:23:48] [Render thread/INFO]: Created: 1024x512x4 minecraft:textures/atlas/shield_patterns.png-atlas
[21:23:48] [Render thread/INFO]: Created: 256x256x4 minecraft:textures/atlas/chest.png-atlas
[21:23:48] [Render thread/INFO]: Created: 512x256x4 minecraft:textures/atlas/beds.png-atlas
[21:23:48] [Render thread/INFO]: Created: 512x256x4 minecraft:textures/atlas/shulker_boxes.png-atlas
[21:23:51] [Render thread/INFO]: Created: 256x256x0 minecraft:textures/atlas/particles.png-atlas
[21:23:51] [Render thread/INFO]: Created: 256x256x0 minecraft:textures/atlas/paintings.png-atlas
[21:23:51] [Render thread/INFO]: Created: 256x128x0 minecraft:textures/atlas/mob_effects.png-atlas
[21:25:18] [Render thread/INFO]: Reloading ResourceManager: Default
[21:25:20] [Render thread/INFO]: OpenAL initialized.
[21:25:20] [Render thread/INFO]: Sound engine started
[21:25:20] [Render thread/INFO]: Created: 1024x1024x4 minecraft:textures/atlas/blocks.png-atlas
[21:25:20] [Render thread/INFO]: Created: 256x128x4 minecraft:textures/atlas/signs.png-atlas
[21:25:20] [Render thread/INFO]: Created: 1024x512x4 minecraft:textures/atlas/banner_patterns.png-atlas
[21:25:20] [Render thread/INFO]: Created: 1024x512x4 minecraft:textures/atlas/shield_patterns.png-atlas
[21:25:20] [Render thread/INFO]: Created: 256x256x4 minecraft:textures/atlas/chest.png-atlas
[21:25:20] [Render thread/INFO]: Created: 512x256x4 minecraft:textures/atlas/beds.png-atlas
[21:25:20] [Render thread/INFO]: Created: 512x256x4 minecraft:textures/atlas/shulker_boxes.png-atlas
[21:25:21] [Render thread/INFO]: Created: 256x256x0 minecraft:textures/atlas/particles.png-atlas
[21:25:21] [Render thread/INFO]: Created: 256x256x0 minecraft:textures/atlas/paintings.png-atlas
[21:25:21] [Render thread/INFO]: Created: 256x128x0 minecraft:textures/atlas/mob_effects.png-atlas
[21:25:27] [Render thread/INFO]: Reloading ResourceManager: Default
[21:25:28] [Render thread/INFO]: OpenAL initialized.
[21:25:28] [Render thread/INFO]: Sound engine started
[21:25:28] [Render thread/INFO]: Created: 1024x1024x4 minecraft:textures/atlas/blocks.png-atlas
[21:25:28] [Render thread/INFO]: Created: 256x128x4 minecraft:textures/atlas/signs.png-atlas
[21:25:28] [Render thread/INFO]: Created: 1024x512x4 minecraft:textures/atlas/banner_patterns.png-atlas
[21:25:28] [Render thread/INFO]: Created: 1024x512x4 minecraft:textures/atlas/shield_patterns.png-atlas
[21:25:28] [Render thread/INFO]: Created: 256x256x4 minecraft:textures/atlas/chest.png-atlas
[21:25:28] [Render thread/INFO]: Created: 512x256x4 minecraft:textures/atlas/beds.png-atlas
[21:25:28] [Render thread/INFO]: Created: 512x256x4 minecraft:textures/atlas/shulker_boxes.png-atlas
[21:25:29] [Render thread/INFO]: Created: 256x256x0 minecraft:textures/atlas/particles.png-atlas
[21:25:29] [Render thread/INFO]: Created: 256x256x0 minecraft:textures/atlas/paintings.png-atlas
[21:25:29] [Render thread/INFO]: Created: 256x128x0 minecraft:textures/atlas/mob_effects.png-atlas
[21:25:40] [Render thread/INFO]: Reloading ResourceManager: Default, Programmer Art
[21:25:41] [Render thread/INFO]: OpenAL initialized.
[21:25:41] [Render thread/INFO]: Sound engine started
[21:25:41] [Render thread/INFO]: Created: 1024x1024x4 minecraft:textures/atlas/blocks.png-atlas
[21:25:41] [Render thread/INFO]: Created: 256x128x4 minecraft:textures/atlas/signs.png-atlas
[21:25:41] [Render thread/INFO]: Created: 1024x512x4 minecraft:textures/atlas/banner_patterns.png-atlas
[21:25:41] [Render thread/INFO]: Created: 1024x512x4 minecraft:textures/atlas/shield_patterns.png-atlas
[21:25:41] [Render thread/INFO]: Created: 256x256x4 minecraft:textures/atlas/chest.png-atlas
[21:25:41] [Render thread/INFO]: Created: 512x256x4 minecraft:textures/atlas/beds.png-atlas
[21:25:41] [Render thread/INFO]: Created: 512x256x4 minecraft:textures/atlas/shulker_boxes.png-atlas
[21:25:42] [Render thread/INFO]: Created: 256x256x0 minecraft:textures/atlas/particles.png-atlas
[21:25:42] [Render thread/INFO]: Created: 256x256x0 minecraft:textures/atlas/paintings.png-atlas
[21:25:42] [Render thread/INFO]: Created: 256x128x0 minecraft:textures/atlas/mob_effects.png-atlas
[21:26:40] [Render thread/INFO]: Reloading ResourceManager: Default, Programmer Art
[21:26:41] [Render thread/INFO]: OpenAL initialized.
[21:26:41] [Render thread/INFO]: Sound engine started
[21:26:41] [Render thread/INFO]: Created: 1024x1024x0 minecraft:textures/atlas/blocks.png-atlas
[21:26:42] [Render thread/INFO]: Created: 256x128x0 minecraft:textures/atlas/signs.png-atlas
[21:26:42] [Render thread/INFO]: Created: 1024x512x0 minecraft:textures/atlas/banner_patterns.png-atlas
[21:26:42] [Render thread/INFO]: Created: 1024x512x0 minecraft:textures/atlas/shield_patterns.png-atlas
[21:26:42] [Render thread/INFO]: Created: 256x256x0 minecraft:textures/atlas/chest.png-atlas
[21:26:42] [Render thread/INFO]: Created: 512x256x0 minecraft:textures/atlas/beds.png-atlas
[21:26:42] [Render thread/INFO]: Created: 512x256x0 minecraft:textures/atlas/shulker_boxes.png-atlas
[21:26:42] [Render thread/INFO]: Created: 256x256x0 minecraft:textures/atlas/particles.png-atlas
[21:26:42] [Render thread/INFO]: Created: 256x256x0 minecraft:textures/atlas/paintings.png-atlas
[21:26:42] [Render thread/INFO]: Created: 256x128x0 minecraft:textures/atlas/mob_effects.png-atlas
[21:26:45] [Render thread/INFO]: Stopping!
