[14:52:32] [Render thread/INFO]: Environment: authHost='https://authserver.mojang.com', accountsHost='https://api.mojang.com', sessionHost='https://sessionserver.mojang.com', servicesHost='https://api.minecraftservices.com', name='PROD'
[14:52:34] [Render thread/ERROR]: Failed to verify authentication
com.mojang.authlib.exceptions.AuthenticationUnavailableException: null
	at com.mojang.authlib.yggdrasil.YggdrasilSocialInteractionsService.checkPrivileges(YggdrasilSocialInteractionsService.java:97) ~[authlib-2.1.28.jar:?]
	at com.mojang.authlib.yggdrasil.YggdrasilSocialInteractionsService.<init>(YggdrasilSocialInteractionsService.java:40) ~[authlib-2.1.28.jar:?]
	at com.mojang.authlib.yggdrasil.YggdrasilAuthenticationService.createSocialInteractionsService(YggdrasilAuthenticationService.java:152) ~[authlib-2.1.28.jar:?]
	at djz.a(SourceFile:625) [1.16.5.jar:?]
	at djz.<init>(SourceFile:409) [1.16.5.jar:?]
	at net.minecraft.client.main.Main.main(SourceFile:177) [1.16.5.jar:?]
[14:52:34] [Render thread/INFO]: Setting user: 12345
[14:52:34] [Render thread/INFO]: Backend library: LWJGL version 3.2.2 build 10
[14:52:37] [Render thread/INFO]: Narrator library for x64 successfully loaded
[14:52:37] [Render thread/INFO]: Reloading ResourceManager: Default
[14:52:38] [Realms Notification Availability checker #1/INFO]: Could not authorize you against Realms server: Invalid session id
[14:52:41] [Render thread/INFO]: Stopping!
[14:52:43] [Render thread/ERROR]: Shutdown failure!
java.util.ConcurrentModificationException: null
	at java.util.HashMap.forEach(HashMap.java:1424) ~[?:?]
	at ekd.close(SourceFile:163) ~[1.16.5.jar:?]
	at djz.close(SourceFile:978) [1.16.5.jar:?]
	at djz.l(SourceFile:957) [1.16.5.jar:?]
	at net.minecraft.client.main.Main.main(SourceFile:229) [1.16.5.jar:?]
